<?xml version="1.0" encoding="UTF-8"?>
<!-- Generated by org.testng.reporters.JUnitXMLReporter -->
<testsuite ignored="1" hostname="LAPTOP-U4RBV0NB" failures="0" tests="1" name="Test" time="25.07" errors="0" timestamp="2023-04-07T08:55:20 IST">
  <testcase classname="Vitiger.Organizations.CreateOrganizationTest" name="demoScript" time="0.018"/>
  <testcase classname="Vitiger.Organizations.CreateOrganizationTest" name="CreateOrganizationTest" time="0.0">
    <ignored/>
  </testcase> <!-- CreateOrganizationTest -->
</testsuite> <!-- Test -->
