<?xml version="1.0" encoding="UTF-8"?>
<!-- Generated by org.testng.reporters.JUnitXMLReporter -->
<testsuite ignored="0" hostname="LAPTOP-U4RBV0NB" failures="0" tests="3" name="Test_Runner1" time="15.645" errors="0" timestamp="2023-04-08T11:46:23 IST">
  <testcase classname="vitiger.GenericUtilites.BaseClass" name="@BeforeTest bcConfig" time="13.616">
    <failure type="org.openqa.selenium.SessionNotCreatedException" message="Could not start a new session. Response code 500. Message: Failed to decode response from marionette 
Host info: host: &amp;apos;LAPTOP-U4RBV0NB&amp;apos;, ip: &amp;apos;192.168.1.11&amp;apos;
Build info: version: &amp;apos;4.8.0&amp;apos;, revision: &amp;apos;267030adea&amp;apos;
System info: os.name: &amp;apos;Windows 11&amp;apos;, os.arch: &amp;apos;amd64&amp;apos;, os.version: &amp;apos;10.0&amp;apos;, java.version: &amp;apos;17.0.6&amp;apos;
Driver info: org.openqa.selenium.firefox.FirefoxDriver
Command: [null, newSession {capabilities=[Capabilities {acceptInsecureCerts: true, browserName: firefox, moz:debuggerAddress: true, moz:firefoxOptions: {}}], desiredCapabilities=Capabilities {acceptInsecureCerts: true, browserName: firefox, moz:debuggerAddress: true, moz:firefoxOptions: {}}}]">
      <![CDATA[org.openqa.selenium.SessionNotCreatedException: Could not start a new session. Response code 500. Message: Failed to decode response from marionette 
Host info: host: 'LAPTOP-U4RBV0NB', ip: '192.168.1.11'
Build info: version: '4.8.0', revision: '267030adea'
System info: os.name: 'Windows 11', os.arch: 'amd64', os.version: '10.0', java.version: '17.0.6'
Driver info: org.openqa.selenium.firefox.FirefoxDriver
Command: [null, newSession {capabilities=[Capabilities {acceptInsecureCerts: true, browserName: firefox, moz:debuggerAddress: true, moz:firefoxOptions: {}}], desiredCapabilities=Capabilities {acceptInsecureCerts: true, browserName: firefox, moz:debuggerAddress: true, moz:firefoxOptions: {}}}]
at org.openqa.selenium.remote.ProtocolHandshake.createSession(ProtocolHandshake.java:148)
at org.openqa.selenium.remote.ProtocolHandshake.createSession(ProtocolHandshake.java:106)
at org.openqa.selenium.remote.ProtocolHandshake.createSession(ProtocolHandshake.java:67)
at org.openqa.selenium.remote.HttpCommandExecutor.execute(HttpCommandExecutor.java:156)
at org.openqa.selenium.remote.service.DriverCommandExecutor.invokeExecute(DriverCommandExecutor.java:167)
at org.openqa.selenium.remote.service.DriverCommandExecutor.execute(DriverCommandExecutor.java:142)
at org.openqa.selenium.remote.RemoteWebDriver.execute(RemoteWebDriver.java:543)
at org.openqa.selenium.remote.RemoteWebDriver.startSession(RemoteWebDriver.java:229)
at org.openqa.selenium.remote.RemoteWebDriver.<init>(RemoteWebDriver.java:157)
at org.openqa.selenium.firefox.FirefoxDriver.<init>(FirefoxDriver.java:130)
at org.openqa.selenium.firefox.FirefoxDriver.<init>(FirefoxDriver.java:111)
at org.openqa.selenium.firefox.FirefoxDriver.<init>(FirefoxDriver.java:101)
at vitiger.GenericUtilites.BaseClass.bcConfig(BaseClass.java:56)
at java.base/java.util.concurrent.FutureTask.run(FutureTask.java:264)
at java.base/java.util.concurrent.ThreadPoolExecutor.runWorker(ThreadPoolExecutor.java:1136)
at java.base/java.util.concurrent.ThreadPoolExecutor$Worker.run(ThreadPoolExecutor.java:635)
at java.base/java.lang.Thread.run(Thread.java:833)
... Removed 15 stack frames]]>
    </failure>
  </testcase> <!-- @BeforeTest bcConfig -->
  <testcase classname="vitiger.GenericUtilites.BaseClass" name="@BeforeMethod bmConfig" time="-1.680934581431E9">
    <skipped/>
  </testcase> <!-- @BeforeMethod bmConfig -->
  <testcase classname="vitiger.GenericUtilites.BaseClass" name="@AfterMethod amConfig" time="-1.680934581463E9">
    <skipped/>
  </testcase> <!-- @AfterMethod amConfig -->
  <testcase classname="vitiger.GenericUtilites.BaseClass" name="@BeforeMethod bmConfig" time="-1.68093458147E9">
    <skipped/>
  </testcase> <!-- @BeforeMethod bmConfig -->
  <testcase classname="vitiger.GenericUtilites.BaseClass" name="@AfterMethod amConfig" time="-1.680934581483E9">
    <skipped/>
  </testcase> <!-- @AfterMethod amConfig -->
  <testcase classname="vitiger.GenericUtilites.BaseClass" name="@BeforeMethod bmConfig" time="-1.68093458149E9">
    <skipped/>
  </testcase> <!-- @BeforeMethod bmConfig -->
  <testcase classname="vitiger.GenericUtilites.BaseClass" name="@AfterMethod amConfig" time="-1.680934581506E9">
    <skipped/>
  </testcase> <!-- @AfterMethod amConfig -->
  <testcase classname="vitiger.GenericUtilites.BaseClass" name="@AfterTest acConfig" time="-1.680934581526E9">
    <skipped/>
  </testcase> <!-- @AfterTest acConfig -->
  <testcase classname="vitiger.GenericUtilites.BaseClass" name="@BeforeTest bcConfig" time="15.131">
    <failure type="org.openqa.selenium.SessionNotCreatedException" message="Could not start a new session. Response code 500. Message: Failed to decode response from marionette 
Host info: host: &amp;apos;LAPTOP-U4RBV0NB&amp;apos;, ip: &amp;apos;192.168.1.11&amp;apos;
Build info: version: &amp;apos;4.8.0&amp;apos;, revision: &amp;apos;267030adea&amp;apos;
System info: os.name: &amp;apos;Windows 11&amp;apos;, os.arch: &amp;apos;amd64&amp;apos;, os.version: &amp;apos;10.0&amp;apos;, java.version: &amp;apos;17.0.6&amp;apos;
Driver info: org.openqa.selenium.firefox.FirefoxDriver
Command: [null, newSession {capabilities=[Capabilities {acceptInsecureCerts: true, browserName: firefox, moz:debuggerAddress: true, moz:firefoxOptions: {}}], desiredCapabilities=Capabilities {acceptInsecureCerts: true, browserName: firefox, moz:debuggerAddress: true, moz:firefoxOptions: {}}}]">
      <![CDATA[org.openqa.selenium.SessionNotCreatedException: Could not start a new session. Response code 500. Message: Failed to decode response from marionette 
Host info: host: 'LAPTOP-U4RBV0NB', ip: '192.168.1.11'
Build info: version: '4.8.0', revision: '267030adea'
System info: os.name: 'Windows 11', os.arch: 'amd64', os.version: '10.0', java.version: '17.0.6'
Driver info: org.openqa.selenium.firefox.FirefoxDriver
Command: [null, newSession {capabilities=[Capabilities {acceptInsecureCerts: true, browserName: firefox, moz:debuggerAddress: true, moz:firefoxOptions: {}}], desiredCapabilities=Capabilities {acceptInsecureCerts: true, browserName: firefox, moz:debuggerAddress: true, moz:firefoxOptions: {}}}]
at org.openqa.selenium.remote.ProtocolHandshake.createSession(ProtocolHandshake.java:148)
at org.openqa.selenium.remote.ProtocolHandshake.createSession(ProtocolHandshake.java:106)
at org.openqa.selenium.remote.ProtocolHandshake.createSession(ProtocolHandshake.java:67)
at org.openqa.selenium.remote.HttpCommandExecutor.execute(HttpCommandExecutor.java:156)
at org.openqa.selenium.remote.service.DriverCommandExecutor.invokeExecute(DriverCommandExecutor.java:167)
at org.openqa.selenium.remote.service.DriverCommandExecutor.execute(DriverCommandExecutor.java:142)
at org.openqa.selenium.remote.RemoteWebDriver.execute(RemoteWebDriver.java:543)
at org.openqa.selenium.remote.RemoteWebDriver.startSession(RemoteWebDriver.java:229)
at org.openqa.selenium.remote.RemoteWebDriver.<init>(RemoteWebDriver.java:157)
at org.openqa.selenium.firefox.FirefoxDriver.<init>(FirefoxDriver.java:130)
at org.openqa.selenium.firefox.FirefoxDriver.<init>(FirefoxDriver.java:111)
at org.openqa.selenium.firefox.FirefoxDriver.<init>(FirefoxDriver.java:101)
at vitiger.GenericUtilites.BaseClass.bcConfig(BaseClass.java:56)
at java.base/java.util.concurrent.FutureTask.run(FutureTask.java:264)
at java.base/java.util.concurrent.ThreadPoolExecutor.runWorker(ThreadPoolExecutor.java:1136)
at java.base/java.util.concurrent.ThreadPoolExecutor$Worker.run(ThreadPoolExecutor.java:635)
at java.base/java.lang.Thread.run(Thread.java:833)
... Removed 15 stack frames]]>
    </failure>
  </testcase> <!-- @BeforeTest bcConfig -->
  <testcase classname="vitiger.GenericUtilites.BaseClass" name="@BeforeMethod bmConfig" time="-1.680934582861E9">
    <skipped/>
  </testcase> <!-- @BeforeMethod bmConfig -->
  <testcase classname="vitiger.GenericUtilites.BaseClass" name="@AfterMethod amConfig" time="-1.680934582867E9">
    <skipped/>
  </testcase> <!-- @AfterMethod amConfig -->
  <testcase classname="vitiger.GenericUtilites.BaseClass" name="@BeforeMethod bmConfig" time="-1.680934582868E9">
    <skipped/>
  </testcase> <!-- @BeforeMethod bmConfig -->
  <testcase classname="vitiger.GenericUtilites.BaseClass" name="@AfterMethod amConfig" time="-1.680934582876E9">
    <skipped/>
  </testcase> <!-- @AfterMethod amConfig -->
  <testcase classname="vitiger.GenericUtilites.BaseClass" name="@BeforeMethod bmConfig" time="-1.680934582878E9">
    <skipped/>
  </testcase> <!-- @BeforeMethod bmConfig -->
  <testcase classname="vitiger.GenericUtilites.BaseClass" name="@AfterMethod amConfig" time="-1.68093458289E9">
    <skipped/>
  </testcase> <!-- @AfterMethod amConfig -->
  <testcase classname="vitiger.GenericUtilites.BaseClass" name="@AfterTest acConfig" time="-1.680934582892E9">
    <skipped/>
  </testcase> <!-- @AfterTest acConfig -->
  <testcase classname="Vitiger.Organizations.CreateOrganizationTest" name="CreateOrganizationTest" time="0.0">
    <skipped/>
  </testcase> <!-- CreateOrganizationTest -->
  <testcase classname="Vitiger.Organizations.CreateOrganizationTest" name="demoScript" time="0.0">
    <skipped/>
  </testcase> <!-- demoScript -->
  <testcase classname="Vitiger.Organizations.CreateOrganizationTest" name="regional" time="0.0">
    <skipped/>
  </testcase> <!-- regional -->
</testsuite> <!-- Test_Runner1 -->
